<?xml version="1.0" encoding="UTF-8"?>
<!-- Generated by org.testng.reporters.JUnitXMLReporter -->
<testsuite ignored="0" hostname="Nikhil" failures="0" tests="3" name="Test" time="51.163" errors="0" timestamp="2023-09-20T16:23:45 IST">
  <testcase classname="com.flipkart.test.TC_01_Test" name="fetchPriceOfMensKurta" time="8.764"/>
  <testcase classname="com.flipkart.test.TC_02_Test" name="fetchProductDetails" time="16.764"/>
  <testcase classname="com.flipkart.test.TC_03_Test" name="fetchAllTheProductDetails" time="8.175"/>
</testsuite> <!-- Test -->
