<?xml version="1.0" encoding="UTF-8"?>
<testng-results ignored="0" total="1" passed="1" failed="0" skipped="0">
  <reporter-output>
  </reporter-output>
  <suite started-at="2023-09-15T15:07:24 IST" name="Default suite" finished-at="2023-09-15T15:07:34 IST" duration-ms="9983">
    <groups>
    </groups>
    <test started-at="2023-09-15T15:07:24 IST" name="Default test" finished-at="2023-09-15T15:07:34 IST" duration-ms="9983">
      <class name="com.flipkart.test.TC_01_Test">
        <test-method is-config="true" signature="openBrowser()[pri:0, instance:com.flipkart.test.TC_01_Test@1bb5a082]" started-at="2023-09-15T15:07:25 IST" name="openBrowser" finished-at="2023-09-15T15:07:30 IST" duration-ms="5943" status="PASS">
          <reporter-output>
          </reporter-output>
        </test-method> <!-- openBrowser -->
        <test-method signature="fetchPriceOfMensKurta()[pri:0, instance:com.flipkart.test.TC_01_Test@1bb5a082]" started-at="2023-09-15T15:07:30 IST" name="fetchPriceOfMensKurta" finished-at="2023-09-15T15:07:34 IST" duration-ms="3723" status="PASS">
          <reporter-output>
          </reporter-output>
        </test-method> <!-- fetchPriceOfMensKurta -->
        <test-method is-config="true" signature="closeBrowser()[pri:0, instance:com.flipkart.test.TC_01_Test@1bb5a082]" started-at="2023-09-15T15:07:34 IST" name="closeBrowser" finished-at="2023-09-15T15:07:34 IST" duration-ms="259" status="PASS">
          <reporter-output>
          </reporter-output>
        </test-method> <!-- closeBrowser -->
      </class> <!-- com.flipkart.test.TC_01_Test -->
    </test> <!-- Default test -->
  </suite> <!-- Default suite -->
</testng-results>
